2021-05-20 13:07:23.203  INFO 14864 --- [restartedMain] c.e.E.EmployeeTrackerApiApplication      : Starting EmployeeTrackerApiApplication on MChikuruwo-PC with PID 14864 (C:\Users\Munyaradzi\IdeaProjects\EmployeeTrackerAPI\target\classes started by Munyaradzi in C:\Users\Munyaradzi\IdeaProjects\EmployeeTrackerAPI)
2021-05-20 13:07:23.260  INFO 14864 --- [restartedMain] c.e.E.EmployeeTrackerApiApplication      : No active profile set, falling back to default profiles: default
2021-05-20 13:07:23.659  INFO 14864 --- [restartedMain] .e.DevToolsPropertyDefaultsPostProcessor : Devtools property defaults active! Set 'spring.devtools.add-properties' to 'false' to disable
2021-05-20 13:07:23.661  INFO 14864 --- [restartedMain] .e.DevToolsPropertyDefaultsPostProcessor : For additional web related logging consider setting the 'logging.level.web' property to 'DEBUG'
2021-05-20 13:07:57.382  INFO 14864 --- [restartedMain] .s.d.r.c.RepositoryConfigurationDelegate : Bootstrapping Spring Data JPA repositories in DEFERRED mode.
2021-05-20 13:07:58.410  INFO 14864 --- [restartedMain] .s.d.r.c.RepositoryConfigurationDelegate : Finished Spring Data repository scanning in 937ms. Found 24 JPA repository interfaces.
2021-05-20 13:08:00.549  INFO 14864 --- [restartedMain] trationDelegate$BeanPostProcessorChecker : Bean 'org.springframework.security.access.expression.method.DefaultMethodSecurityExpressionHandler@62fd18' of type [org.springframework.security.access.expression.method.DefaultMethodSecurityExpressionHandler] is not eligible for getting processed by all BeanPostProcessors (for example: not eligible for auto-proxying)
2021-05-20 13:08:00.578  INFO 14864 --- [restartedMain] trationDelegate$BeanPostProcessorChecker : Bean 'methodSecurityMetadataSource' of type [org.springframework.security.access.method.DelegatingMethodSecurityMetadataSource] is not eligible for getting processed by all BeanPostProcessors (for example: not eligible for auto-proxying)
2021-05-20 13:08:03.903  INFO 14864 --- [restartedMain] o.s.b.w.embedded.tomcat.TomcatWebServer  : Tomcat initialized with port(s): 8080 (http)
2021-05-20 13:08:04.048  INFO 14864 --- [restartedMain] o.apache.catalina.core.StandardService   : Starting service [Tomcat]
2021-05-20 13:08:04.050  INFO 14864 --- [restartedMain] org.apache.catalina.core.StandardEngine  : Starting Servlet engine: [Apache Tomcat/9.0.37]
2021-05-20 13:08:04.600  INFO 14864 --- [restartedMain] o.a.c.c.C.[Tomcat].[localhost].[/]       : Initializing Spring embedded WebApplicationContext
2021-05-20 13:08:04.601  INFO 14864 --- [restartedMain] w.s.c.ServletWebServerApplicationContext : Root WebApplicationContext: initialization completed in 40940 ms
2021-05-20 13:08:05.951  WARN 14864 --- [restartedMain] JpaBaseConfiguration$JpaWebConfiguration : spring.jpa.open-in-view is enabled by default. Therefore, database queries may be performed during view rendering. Explicitly configure spring.jpa.open-in-view to disable this warning
2021-05-20 13:08:06.678  INFO 14864 --- [restartedMain] o.s.s.concurrent.ThreadPoolTaskExecutor  : Initializing ExecutorService 'applicationTaskExecutor'
2021-05-20 13:08:10.809  INFO 14864 --- [task-1] com.zaxxer.hikari.HikariDataSource       : HikariPool-1 - Starting...
2021-05-20 13:08:11.843  INFO 14864 --- [restartedMain] o.s.b.a.e.web.EndpointLinksResolver      : Exposing 2 endpoint(s) beneath base path '/actuator'
2021-05-20 13:08:12.754  INFO 14864 --- [restartedMain] pertySourcedRequestMappingHandlerMapping : Mapped URL path [/v2/api-docs] onto method [springfox.documentation.swagger2.web.Swagger2Controller#getDocumentation(String, HttpServletRequest)]
2021-05-20 13:08:14.013  INFO 14864 --- [restartedMain] o.s.s.web.DefaultSecurityFilterChain     : Creating filter chain: Ant [pattern='/assets/**'], []
2021-05-20 13:08:14.013  INFO 14864 --- [restartedMain] o.s.s.web.DefaultSecurityFilterChain     : Creating filter chain: Ant [pattern='/webjars/**'], []
2021-05-20 13:08:14.014  INFO 14864 --- [restartedMain] o.s.s.web.DefaultSecurityFilterChain     : Creating filter chain: Ant [pattern='/'], []
2021-05-20 13:08:14.015  INFO 14864 --- [restartedMain] o.s.s.web.DefaultSecurityFilterChain     : Creating filter chain: Ant [pattern='/**', OPTIONS], []
2021-05-20 13:08:15.190  INFO 14864 --- [restartedMain] o.s.s.web.DefaultSecurityFilterChain     : Creating filter chain: any request, [org.springframework.security.web.context.request.async.WebAsyncManagerIntegrationFilter@1730f4, org.springframework.security.web.context.SecurityContextPersistenceFilter@337432, org.springframework.security.web.header.HeaderWriterFilter@e99645, org.springframework.web.filter.CorsFilter@40bfcf, org.springframework.security.web.authentication.logout.LogoutFilter@bf2d26, com.employeetracker.EmployeeTrackerAPI.handler.ExceptionHandlerFilter@e53cd, com.employeetracker.EmployeeTrackerAPI.security.JWTAuthenticationFilter@105e953, org.springframework.security.web.savedrequest.RequestCacheAwareFilter@1c3e975, org.springframework.security.web.servletapi.SecurityContextHolderAwareRequestFilter@153056b, org.springframework.security.web.authentication.AnonymousAuthenticationFilter@10eae62, org.springframework.security.web.session.SessionManagementFilter@1974a90, org.springframework.security.web.access.ExceptionTranslationFilter@f3ffce, org.springframework.security.web.access.intercept.FilterSecurityInterceptor@1a0f039]
2021-05-20 13:08:15.195  INFO 14864 --- [task-1] com.zaxxer.hikari.HikariDataSource       : HikariPool-1 - Start completed.
2021-05-20 13:08:16.267  INFO 14864 --- [restartedMain] o.s.b.d.a.OptionalLiveReloadServer       : LiveReload server is running on port 35729
2021-05-20 13:08:27.819  INFO 14864 --- [task-1] j.LocalContainerEntityManagerFactoryBean : Initialized JPA EntityManagerFactory for persistence unit 'default'
2021-05-20 13:08:34.072  INFO 14864 --- [restartedMain] c.g.a.oauth2.ComputeEngineCredentials    : Failed to detect whether we are running on Google Compute Engine.
2021-05-20 13:08:34.074  WARN 14864 --- [restartedMain] o.s.c.g.core.DefaultCredentialsProvider  : No core credentials are set. Service-specific credentials (e.g., spring.cloud.gcp.pubsub.credentials.*) should be used if your app uses services that require credentials.
2021-05-20 13:08:34.445  INFO 14864 --- [restartedMain] o.s.c.g.a.c.GcpContextAutoConfiguration  : The default project ID is null
2021-05-20 13:08:34.805  INFO 14864 --- [restartedMain] o.s.b.w.embedded.tomcat.TomcatWebServer  : Tomcat started on port(s): 8080 (http) with context path ''
2021-05-20 13:08:34.809  INFO 14864 --- [restartedMain] d.s.w.p.DocumentationPluginsBootstrapper : Context refreshed
2021-05-20 13:08:35.856  INFO 14864 --- [restartedMain] d.s.w.p.DocumentationPluginsBootstrapper : Found 1 custom documentation plugin(s)
2021-05-20 13:08:36.428  INFO 14864 --- [restartedMain] s.d.s.w.s.ApiListingReferenceScanner     : Scanning for api listing references
2021-05-20 13:08:37.474  INFO 14864 --- [restartedMain] .d.s.w.r.o.CachingOperationNameGenerator : Generating unique operation named: addCategoryUsingPOST_1
2021-05-20 13:08:37.565  INFO 14864 --- [restartedMain] .d.s.w.r.o.CachingOperationNameGenerator : Generating unique operation named: addBusinessUnitUsingPOST_1
2021-05-20 13:08:37.572  INFO 14864 --- [restartedMain] .d.s.w.r.o.CachingOperationNameGenerator : Generating unique operation named: getBusinessUnitByNameUsingPOST_1
2021-05-20 13:08:37.579  INFO 14864 --- [restartedMain] .d.s.w.r.o.CachingOperationNameGenerator : Generating unique operation named: updateBusinessUnitUsingPUT_1
2021-05-20 13:08:37.795  INFO 14864 --- [restartedMain] .d.s.w.r.o.CachingOperationNameGenerator : Generating unique operation named: getAllUsersUsingGET_1
2021-05-20 13:08:37.798  INFO 14864 --- [restartedMain] .d.s.w.r.o.CachingOperationNameGenerator : Generating unique operation named: getOneUserUsingGET_1
2021-05-20 13:08:37.821  INFO 14864 --- [restartedMain] .d.s.w.r.o.CachingOperationNameGenerator : Generating unique operation named: updateUserUsingPUT_1
2021-05-20 13:08:37.864  INFO 14864 --- [restartedMain] DeferredRepositoryInitializationListener : Triggering deferred initialization of Spring Data repositories…
2021-05-20 13:08:43.743  INFO 14864 --- [restartedMain] DeferredRepositoryInitializationListener : Spring Data repositories initialized!
2021-05-20 13:08:43.801  INFO 14864 --- [restartedMain] c.e.E.EmployeeTrackerApiApplication      : Started EmployeeTrackerApiApplication in 84.022 seconds (JVM running for 107.159)
2021-05-20 15:29:03.162  INFO 14864 --- [SpringContextShutdownHook] j.LocalContainerEntityManagerFactoryBean : Closing JPA EntityManagerFactory for persistence unit 'default'
2021-05-20 15:29:04.965  INFO 14864 --- [SpringContextShutdownHook] o.s.s.concurrent.ThreadPoolTaskExecutor  : Shutting down ExecutorService 'applicationTaskExecutor'
2021-05-20 15:29:05.366  INFO 14864 --- [SpringContextShutdownHook] com.zaxxer.hikari.HikariDataSource       : HikariPool-1 - Shutdown initiated...
2021-05-20 15:29:05.688  INFO 14864 --- [SpringContextShutdownHook] com.zaxxer.hikari.HikariDataSource       : HikariPool-1 - Shutdown completed.
2021-05-20 21:13:50.722  INFO 13132 --- [restartedMain] c.e.E.EmployeeTrackerApiApplication      : Starting EmployeeTrackerApiApplication on MChikuruwo-PC with PID 13132 (C:\Users\Munyaradzi\IdeaProjects\EmployeeTrackerAPI\target\classes started by Munyaradzi in C:\Users\Munyaradzi\IdeaProjects\EmployeeTrackerAPI)
2021-05-20 21:13:50.806  INFO 13132 --- [restartedMain] c.e.E.EmployeeTrackerApiApplication      : No active profile set, falling back to default profiles: default
2021-05-20 21:13:51.535  INFO 13132 --- [restartedMain] .e.DevToolsPropertyDefaultsPostProcessor : Devtools property defaults active! Set 'spring.devtools.add-properties' to 'false' to disable
2021-05-20 21:13:51.536  INFO 13132 --- [restartedMain] .e.DevToolsPropertyDefaultsPostProcessor : For additional web related logging consider setting the 'logging.level.web' property to 'DEBUG'
2021-05-20 21:14:19.827  INFO 13132 --- [restartedMain] .s.d.r.c.RepositoryConfigurationDelegate : Bootstrapping Spring Data JPA repositories in DEFERRED mode.
2021-05-20 21:14:25.737  INFO 13132 --- [restartedMain] .s.d.r.c.RepositoryConfigurationDelegate : Finished Spring Data repository scanning in 5644ms. Found 24 JPA repository interfaces.
2021-05-20 21:14:36.822  INFO 13132 --- [restartedMain] trationDelegate$BeanPostProcessorChecker : Bean 'org.springframework.security.access.expression.method.DefaultMethodSecurityExpressionHandler@12096cf' of type [org.springframework.security.access.expression.method.DefaultMethodSecurityExpressionHandler] is not eligible for getting processed by all BeanPostProcessors (for example: not eligible for auto-proxying)
2021-05-20 21:14:36.834  INFO 13132 --- [restartedMain] trationDelegate$BeanPostProcessorChecker : Bean 'methodSecurityMetadataSource' of type [org.springframework.security.access.method.DelegatingMethodSecurityMetadataSource] is not eligible for getting processed by all BeanPostProcessors (for example: not eligible for auto-proxying)
2021-05-20 21:14:48.835  INFO 13132 --- [restartedMain] o.s.b.w.embedded.tomcat.TomcatWebServer  : Tomcat initialized with port(s): 8080 (http)
2021-05-20 21:14:49.325  INFO 13132 --- [restartedMain] o.apache.catalina.core.StandardService   : Starting service [Tomcat]
2021-05-20 21:14:49.327  INFO 13132 --- [restartedMain] org.apache.catalina.core.StandardEngine  : Starting Servlet engine: [Apache Tomcat/9.0.37]
2021-05-20 21:14:51.552  INFO 13132 --- [restartedMain] o.a.c.c.C.[Tomcat].[localhost].[/]       : Initializing Spring embedded WebApplicationContext
2021-05-20 21:14:51.553  INFO 13132 --- [restartedMain] w.s.c.ServletWebServerApplicationContext : Root WebApplicationContext: initialization completed in 60015 ms
2021-05-20 21:14:54.211  WARN 13132 --- [restartedMain] JpaBaseConfiguration$JpaWebConfiguration : spring.jpa.open-in-view is enabled by default. Therefore, database queries may be performed during view rendering. Explicitly configure spring.jpa.open-in-view to disable this warning
2021-05-20 21:14:56.244  INFO 13132 --- [restartedMain] o.s.s.concurrent.ThreadPoolTaskExecutor  : Initializing ExecutorService 'applicationTaskExecutor'
2021-05-20 21:15:08.556  INFO 13132 --- [task-1] com.zaxxer.hikari.HikariDataSource       : HikariPool-1 - Starting...
2021-05-20 21:15:08.837  INFO 13132 --- [restartedMain] o.s.b.a.e.web.EndpointLinksResolver      : Exposing 2 endpoint(s) beneath base path '/actuator'
2021-05-20 21:15:09.971  INFO 13132 --- [restartedMain] pertySourcedRequestMappingHandlerMapping : Mapped URL path [/v2/api-docs] onto method [springfox.documentation.swagger2.web.Swagger2Controller#getDocumentation(String, HttpServletRequest)]
2021-05-20 21:15:11.180  INFO 13132 --- [restartedMain] o.s.s.web.DefaultSecurityFilterChain     : Creating filter chain: Ant [pattern='/assets/**'], []
2021-05-20 21:15:11.181  INFO 13132 --- [restartedMain] o.s.s.web.DefaultSecurityFilterChain     : Creating filter chain: Ant [pattern='/webjars/**'], []
2021-05-20 21:15:11.182  INFO 13132 --- [restartedMain] o.s.s.web.DefaultSecurityFilterChain     : Creating filter chain: Ant [pattern='/'], []
2021-05-20 21:15:11.184  INFO 13132 --- [restartedMain] o.s.s.web.DefaultSecurityFilterChain     : Creating filter chain: Ant [pattern='/**', OPTIONS], []
2021-05-20 21:15:12.389  INFO 13132 --- [restartedMain] o.s.s.web.DefaultSecurityFilterChain     : Creating filter chain: any request, [org.springframework.security.web.context.request.async.WebAsyncManagerIntegrationFilter@74db4b, org.springframework.security.web.context.SecurityContextPersistenceFilter@95440c, org.springframework.security.web.header.HeaderWriterFilter@1754d52, org.springframework.web.filter.CorsFilter@128b0ef, org.springframework.security.web.authentication.logout.LogoutFilter@9e78a2, com.employeetracker.EmployeeTrackerAPI.handler.ExceptionHandlerFilter@9020ce, com.employeetracker.EmployeeTrackerAPI.security.JWTAuthenticationFilter@2a2ac, org.springframework.security.web.savedrequest.RequestCacheAwareFilter@14f2354, org.springframework.security.web.servletapi.SecurityContextHolderAwareRequestFilter@16d24fc, org.springframework.security.web.authentication.AnonymousAuthenticationFilter@1aec91b, org.springframework.security.web.session.SessionManagementFilter@c7181d, org.springframework.security.web.access.ExceptionTranslationFilter@1fa59c8, org.springframework.security.web.access.intercept.FilterSecurityInterceptor@1b3cf4d]
2021-05-20 21:15:14.178  INFO 13132 --- [restartedMain] o.s.b.d.a.OptionalLiveReloadServer       : LiveReload server is running on port 35729
2021-05-20 21:15:15.790  INFO 13132 --- [task-1] com.zaxxer.hikari.HikariDataSource       : HikariPool-1 - Start completed.
2021-05-20 21:15:39.971  INFO 13132 --- [task-1] j.LocalContainerEntityManagerFactoryBean : Initialized JPA EntityManagerFactory for persistence unit 'default'
2021-05-20 21:15:47.910  INFO 13132 --- [restartedMain] c.g.a.oauth2.ComputeEngineCredentials    : Failed to detect whether we are running on Google Compute Engine.
2021-05-20 21:15:47.968  WARN 13132 --- [restartedMain] o.s.c.g.core.DefaultCredentialsProvider  : No core credentials are set. Service-specific credentials (e.g., spring.cloud.gcp.pubsub.credentials.*) should be used if your app uses services that require credentials.
2021-05-20 21:15:48.303  INFO 13132 --- [restartedMain] o.s.c.g.a.c.GcpContextAutoConfiguration  : The default project ID is null
2021-05-20 21:15:49.902  INFO 13132 --- [restartedMain] o.s.b.w.embedded.tomcat.TomcatWebServer  : Tomcat started on port(s): 8080 (http) with context path ''
2021-05-20 21:15:49.906  INFO 13132 --- [restartedMain] d.s.w.p.DocumentationPluginsBootstrapper : Context refreshed
2021-05-20 21:15:50.539  INFO 13132 --- [restartedMain] d.s.w.p.DocumentationPluginsBootstrapper : Found 1 custom documentation plugin(s)
2021-05-20 21:15:51.494  INFO 13132 --- [restartedMain] s.d.s.w.s.ApiListingReferenceScanner     : Scanning for api listing references
2021-05-20 21:15:55.542  INFO 13132 --- [restartedMain] .d.s.w.r.o.CachingOperationNameGenerator : Generating unique operation named: addCategoryUsingPOST_1
2021-05-20 21:15:55.637  INFO 13132 --- [restartedMain] .d.s.w.r.o.CachingOperationNameGenerator : Generating unique operation named: addBusinessUnitUsingPOST_1
2021-05-20 21:15:55.647  INFO 13132 --- [restartedMain] .d.s.w.r.o.CachingOperationNameGenerator : Generating unique operation named: getBusinessUnitByNameUsingPOST_1
2021-05-20 21:15:55.657  INFO 13132 --- [restartedMain] .d.s.w.r.o.CachingOperationNameGenerator : Generating unique operation named: updateBusinessUnitUsingPUT_1
2021-05-20 21:15:56.618  INFO 13132 --- [restartedMain] .d.s.w.r.o.CachingOperationNameGenerator : Generating unique operation named: getAllUsersUsingGET_1
2021-05-20 21:15:56.642  INFO 13132 --- [restartedMain] .d.s.w.r.o.CachingOperationNameGenerator : Generating unique operation named: getOneUserUsingGET_1
2021-05-20 21:15:56.775  INFO 13132 --- [restartedMain] .d.s.w.r.o.CachingOperationNameGenerator : Generating unique operation named: updateUserUsingPUT_1
2021-05-20 21:15:56.947  INFO 13132 --- [restartedMain] DeferredRepositoryInitializationListener : Triggering deferred initialization of Spring Data repositories…
2021-05-20 21:16:07.597  INFO 13132 --- [restartedMain] DeferredRepositoryInitializationListener : Spring Data repositories initialized!
2021-05-20 21:16:08.069  INFO 13132 --- [restartedMain] c.e.E.EmployeeTrackerApiApplication      : Started EmployeeTrackerApiApplication in 149.023 seconds (JVM running for 195.216)
2021-05-20 21:21:35.548  INFO 13132 --- [SpringContextShutdownHook] j.LocalContainerEntityManagerFactoryBean : Closing JPA EntityManagerFactory for persistence unit 'default'
2021-05-20 21:21:35.590  INFO 13132 --- [SpringContextShutdownHook] o.s.s.concurrent.ThreadPoolTaskExecutor  : Shutting down ExecutorService 'applicationTaskExecutor'
2021-05-20 21:21:35.600  INFO 13132 --- [SpringContextShutdownHook] com.zaxxer.hikari.HikariDataSource       : HikariPool-1 - Shutdown initiated...
2021-05-20 21:21:36.708  INFO 13132 --- [SpringContextShutdownHook] com.zaxxer.hikari.HikariDataSource       : HikariPool-1 - Shutdown completed.
2021-05-20 21:22:56.086  INFO 17844 --- [restartedMain] c.e.E.EmployeeTrackerApiApplication      : Starting EmployeeTrackerApiApplication on MChikuruwo-PC with PID 17844 (C:\Users\Munyaradzi\IdeaProjects\EmployeeTrackerAPI\target\classes started by Munyaradzi in C:\Users\Munyaradzi\IdeaProjects\EmployeeTrackerAPI)
2021-05-20 21:22:56.099  INFO 17844 --- [restartedMain] c.e.E.EmployeeTrackerApiApplication      : No active profile set, falling back to default profiles: default
2021-05-20 21:22:56.448  INFO 17844 --- [restartedMain] .e.DevToolsPropertyDefaultsPostProcessor : Devtools property defaults active! Set 'spring.devtools.add-properties' to 'false' to disable
2021-05-20 21:22:56.449  INFO 17844 --- [restartedMain] .e.DevToolsPropertyDefaultsPostProcessor : For additional web related logging consider setting the 'logging.level.web' property to 'DEBUG'
2021-05-20 21:23:11.598  INFO 17844 --- [restartedMain] .s.d.r.c.RepositoryConfigurationDelegate : Bootstrapping Spring Data JPA repositories in DEFERRED mode.
2021-05-20 21:23:12.512  INFO 17844 --- [restartedMain] .s.d.r.c.RepositoryConfigurationDelegate : Finished Spring Data repository scanning in 889ms. Found 24 JPA repository interfaces.
2021-05-20 21:23:14.341  INFO 17844 --- [restartedMain] trationDelegate$BeanPostProcessorChecker : Bean 'org.springframework.security.access.expression.method.DefaultMethodSecurityExpressionHandler@1032c32' of type [org.springframework.security.access.expression.method.DefaultMethodSecurityExpressionHandler] is not eligible for getting processed by all BeanPostProcessors (for example: not eligible for auto-proxying)
2021-05-20 21:23:14.359  INFO 17844 --- [restartedMain] trationDelegate$BeanPostProcessorChecker : Bean 'methodSecurityMetadataSource' of type [org.springframework.security.access.method.DelegatingMethodSecurityMetadataSource] is not eligible for getting processed by all BeanPostProcessors (for example: not eligible for auto-proxying)
2021-05-20 21:23:41.542  INFO 17844 --- [restartedMain] o.s.b.w.embedded.tomcat.TomcatWebServer  : Tomcat initialized with port(s): 8091 (http)
2021-05-20 21:23:42.105  INFO 17844 --- [restartedMain] o.apache.catalina.core.StandardService   : Starting service [Tomcat]
2021-05-20 21:23:42.106  INFO 17844 --- [restartedMain] org.apache.catalina.core.StandardEngine  : Starting Servlet engine: [Apache Tomcat/9.0.37]
2021-05-20 21:23:44.382  INFO 17844 --- [restartedMain] o.a.c.c.C.[Tomcat].[localhost].[/]       : Initializing Spring embedded WebApplicationContext
2021-05-20 21:23:44.383  INFO 17844 --- [restartedMain] w.s.c.ServletWebServerApplicationContext : Root WebApplicationContext: initialization completed in 47933 ms
2021-05-20 21:23:46.301  WARN 17844 --- [restartedMain] JpaBaseConfiguration$JpaWebConfiguration : spring.jpa.open-in-view is enabled by default. Therefore, database queries may be performed during view rendering. Explicitly configure spring.jpa.open-in-view to disable this warning
2021-05-20 21:23:47.528  INFO 17844 --- [restartedMain] o.s.s.concurrent.ThreadPoolTaskExecutor  : Initializing ExecutorService 'applicationTaskExecutor'
2021-05-20 21:23:51.937  INFO 17844 --- [task-1] com.zaxxer.hikari.HikariDataSource       : HikariPool-1 - Starting...
2021-05-20 21:23:54.007  INFO 17844 --- [restartedMain] o.s.b.a.e.web.EndpointLinksResolver      : Exposing 2 endpoint(s) beneath base path '/actuator'
2021-05-20 21:23:54.471  INFO 17844 --- [task-1] com.zaxxer.hikari.HikariDataSource       : HikariPool-1 - Start completed.
2021-05-20 21:23:55.083  INFO 17844 --- [restartedMain] pertySourcedRequestMappingHandlerMapping : Mapped URL path [/v2/api-docs] onto method [springfox.documentation.swagger2.web.Swagger2Controller#getDocumentation(String, HttpServletRequest)]
2021-05-20 21:23:56.153  INFO 17844 --- [restartedMain] o.s.s.web.DefaultSecurityFilterChain     : Creating filter chain: Ant [pattern='/assets/**'], []
2021-05-20 21:23:56.154  INFO 17844 --- [restartedMain] o.s.s.web.DefaultSecurityFilterChain     : Creating filter chain: Ant [pattern='/webjars/**'], []
2021-05-20 21:23:56.155  INFO 17844 --- [restartedMain] o.s.s.web.DefaultSecurityFilterChain     : Creating filter chain: Ant [pattern='/'], []
2021-05-20 21:23:56.156  INFO 17844 --- [restartedMain] o.s.s.web.DefaultSecurityFilterChain     : Creating filter chain: Ant [pattern='/**', OPTIONS], []
2021-05-20 21:23:57.069  INFO 17844 --- [restartedMain] o.s.s.web.DefaultSecurityFilterChain     : Creating filter chain: any request, [org.springframework.security.web.context.request.async.WebAsyncManagerIntegrationFilter@9d3aed, org.springframework.security.web.context.SecurityContextPersistenceFilter@16a43c8, org.springframework.security.web.header.HeaderWriterFilter@1ae9d46, org.springframework.web.filter.CorsFilter@ec4dbb, org.springframework.security.web.authentication.logout.LogoutFilter@cbae03, com.employeetracker.EmployeeTrackerAPI.handler.ExceptionHandlerFilter@26c2f0, com.employeetracker.EmployeeTrackerAPI.security.JWTAuthenticationFilter@1985e63, org.springframework.security.web.savedrequest.RequestCacheAwareFilter@10c0254, org.springframework.security.web.servletapi.SecurityContextHolderAwareRequestFilter@a73b12, org.springframework.security.web.authentication.AnonymousAuthenticationFilter@4d66ed, org.springframework.security.web.session.SessionManagementFilter@96e66c, org.springframework.security.web.access.ExceptionTranslationFilter@1206b8a, org.springframework.security.web.access.intercept.FilterSecurityInterceptor@1f8766b]
2021-05-20 21:23:59.584  INFO 17844 --- [restartedMain] o.s.b.d.a.OptionalLiveReloadServer       : LiveReload server is running on port 35729
2021-05-20 21:24:26.055  INFO 17844 --- [task-1] j.LocalContainerEntityManagerFactoryBean : Initialized JPA EntityManagerFactory for persistence unit 'default'
2021-05-20 21:24:28.467  INFO 17844 --- [restartedMain] c.g.a.oauth2.ComputeEngineCredentials    : Failed to detect whether we are running on Google Compute Engine.
2021-05-20 21:24:28.468  WARN 17844 --- [restartedMain] o.s.c.g.core.DefaultCredentialsProvider  : No core credentials are set. Service-specific credentials (e.g., spring.cloud.gcp.pubsub.credentials.*) should be used if your app uses services that require credentials.
2021-05-20 21:24:28.610  INFO 17844 --- [restartedMain] o.s.c.g.a.c.GcpContextAutoConfiguration  : The default project ID is null
2021-05-20 21:24:28.880  INFO 17844 --- [restartedMain] o.s.b.w.embedded.tomcat.TomcatWebServer  : Tomcat started on port(s): 8091 (http) with context path ''
2021-05-20 21:24:28.883  INFO 17844 --- [restartedMain] d.s.w.p.DocumentationPluginsBootstrapper : Context refreshed
2021-05-20 21:24:29.439  INFO 17844 --- [restartedMain] d.s.w.p.DocumentationPluginsBootstrapper : Found 1 custom documentation plugin(s)
2021-05-20 21:24:29.875  INFO 17844 --- [restartedMain] s.d.s.w.s.ApiListingReferenceScanner     : Scanning for api listing references
2021-05-20 21:24:31.219  INFO 17844 --- [restartedMain] .d.s.w.r.o.CachingOperationNameGenerator : Generating unique operation named: addCategoryUsingPOST_1
2021-05-20 21:24:31.312  INFO 17844 --- [restartedMain] .d.s.w.r.o.CachingOperationNameGenerator : Generating unique operation named: addBusinessUnitUsingPOST_1
2021-05-20 21:24:31.318  INFO 17844 --- [restartedMain] .d.s.w.r.o.CachingOperationNameGenerator : Generating unique operation named: getBusinessUnitByNameUsingPOST_1
2021-05-20 21:24:31.328  INFO 17844 --- [restartedMain] .d.s.w.r.o.CachingOperationNameGenerator : Generating unique operation named: updateBusinessUnitUsingPUT_1
2021-05-20 21:24:31.571  INFO 17844 --- [restartedMain] .d.s.w.r.o.CachingOperationNameGenerator : Generating unique operation named: getAllUsersUsingGET_1
2021-05-20 21:24:31.573  INFO 17844 --- [restartedMain] .d.s.w.r.o.CachingOperationNameGenerator : Generating unique operation named: getOneUserUsingGET_1
2021-05-20 21:24:31.595  INFO 17844 --- [restartedMain] .d.s.w.r.o.CachingOperationNameGenerator : Generating unique operation named: updateUserUsingPUT_1
2021-05-20 21:24:31.796  INFO 17844 --- [restartedMain] DeferredRepositoryInitializationListener : Triggering deferred initialization of Spring Data repositories…
2021-05-20 21:24:36.744  INFO 17844 --- [restartedMain] DeferredRepositoryInitializationListener : Spring Data repositories initialized!
2021-05-20 21:24:36.766  INFO 17844 --- [restartedMain] c.e.E.EmployeeTrackerApiApplication      : Started EmployeeTrackerApiApplication in 106.46 seconds (JVM running for 133.983)
2021-05-20 21:26:33.370  INFO 17844 --- [http-nio-8091-exec-1] o.a.c.c.C.[Tomcat].[localhost].[/]       : Initializing Spring DispatcherServlet 'dispatcherServlet'
2021-05-20 21:26:33.370  INFO 17844 --- [http-nio-8091-exec-1] o.s.web.servlet.DispatcherServlet        : Initializing Servlet 'dispatcherServlet'
2021-05-20 21:26:33.405  INFO 17844 --- [http-nio-8091-exec-1] o.s.web.servlet.DispatcherServlet        : Completed initialization in 34 ms
2021-05-20 21:26:55.716  WARN 17844 --- [http-nio-8091-exec-1] .m.m.a.ExceptionHandlerExceptionResolver : Resolved [org.springframework.mail.MailSendException: Failed messages: com.sun.mail.smtp.SMTPSendFailedException: 554 5.2.0 STOREDRV.Submission.Exception:SendAsDeniedException.MapiExceptionSendAsDenied; Failed to process message due to a permanent exception with message Cannot submit message. 0.35250:245D0000, 1.36674:0A000000, 1.61250:00000000, 1.45378:02000000, 1.44866:4F020000, 1.36674:0E000000, 1.61250:00000000, 1.45378:54020000, 1.44866:3A010000, 16.55847:F4030000, 17.43559:0000000024020000000000000000000000000000, 20.52176:140F219021004010F1030000, 20.50032:140F219091174010F1030000, 0.35180:00000000, 255.23226:00000000, 255.27962:0A000000, 255.27962:0E000000, 255.31418:0A000000, 0.35250:00000000, 1.36674:0A000000, 1.61250:00000000, 1.45378:02000000, 1.44866:2E000000, 1.36674:32000000, 1.61250:00000000, 1.45378:33000000, 1.44866:01000000, 16.55847:9A000000, 17.43559:0000000088030000000000000100000000000000, 20.52176:140F2190210070204800D13D, 20.50032:140F21909117F01F57000000, 0.35180:0A000000, 255.23226:0A005636, 255.27962:0A000000, 255.27962:32000000, 255.17082:DC040000, 0.27745:02000000, 4.21921:DC040000, 255.27962:FA000000, 255.1494:00000000, 0.38698:46000000, 1.41134:46000000, 0.37692:86000000, 0.37948:35000100, 5.33852:00000000534D545000000000, 7.36354:010000000000010900400600, 4.56248:DC040000, 7.40748:010000000000010B04000000, 7.57132:0000000000000000302E3431, 1.63016:32000000, 4.39640:DC040000, 8.45434:00400600CDE675C700000000000000003130612D, 1.46798:04000000, 5.10786:0000000031352E32302E343132392E3033333A444242505230314D42373735363A65306464343839362D373832372D343130612D613634652D3931353631336163336138343A3237363532300080101012000000, 7.51330:02ABAD3AC51BD90813000000, 0.39570:13000000, 1.55954:0A000000, 0.49266:56000000, 1.33010:0A000000, 2.54258:00000000, 0.40002:02000000, 1.56562:00000000, 1.64146:32000000, 1.33010:32000000, 2.54258:DC040000, 255.1750:0A005636, 255.31418:FD5D0000, 0.22753:B5000000, 255.21817:DC040000, 0.64418:025E0000, 4.39842:DC040000, 0.41586:03003866, 4.60547:DC040000, 0.21966:BF000000, 4.30158:DC040000 [Hostname=DBBPR01MB7756.eurprd01.prod.exchangelabs.com]
; message exceptions (1) are:
Failed message 1: com.sun.mail.smtp.SMTPSendFailedException: 554 5.2.0 STOREDRV.Submission.Exception:SendAsDeniedException.MapiExceptionSendAsDenied; Failed to process message due to a permanent exception with message Cannot submit message. 0.35250:245D0000, 1.36674:0A000000, 1.61250:00000000, 1.45378:02000000, 1.44866:4F020000, 1.36674:0E000000, 1.61250:00000000, 1.45378:54020000, 1.44866:3A010000, 16.55847:F4030000, 17.43559:0000000024020000000000000000000000000000, 20.52176:140F219021004010F1030000, 20.50032:140F219091174010F1030000, 0.35180:00000000, 255.23226:00000000, 255.27962:0A000000, 255.27962:0E000000, 255.31418:0A000000, 0.35250:00000000, 1.36674:0A000000, 1.61250:00000000, 1.45378:02000000, 1.44866:2E000000, 1.36674:32000000, 1.61250:00000000, 1.45378:33000000, 1.44866:01000000, 16.55847:9A000000, 17.43559:0000000088030000000000000100000000000000, 20.52176:140F2190210070204800D13D, 20.50032:140F21909117F01F57000000, 0.35180:0A000000, 255.23226:0A005636, 255.27962:0A000000, 255.27962:32000000, 255.17082:DC040000, 0.27745:02000000, 4.21921:DC040000, 255.27962:FA000000, 255.1494:00000000, 0.38698:46000000, 1.41134:46000000, 0.37692:86000000, 0.37948:35000100, 5.33852:00000000534D545000000000, 7.36354:010000000000010900400600, 4.56248:DC040000, 7.40748:010000000000010B04000000, 7.57132:0000000000000000302E3431, 1.63016:32000000, 4.39640:DC040000, 8.45434:00400600CDE675C700000000000000003130612D, 1.46798:04000000, 5.10786:0000000031352E32302E343132392E3033333A444242505230314D42373735363A65306464343839362D373832372D343130612D613634652D3931353631336163336138343A3237363532300080101012000000, 7.51330:02ABAD3AC51BD90813000000, 0.39570:13000000, 1.55954:0A000000, 0.49266:56000000, 1.33010:0A000000, 2.54258:00000000, 0.40002:02000000, 1.56562:00000000, 1.64146:32000000, 1.33010:32000000, 2.54258:DC040000, 255.1750:0A005636, 255.31418:FD5D0000, 0.22753:B5000000, 255.21817:DC040000, 0.64418:025E0000, 4.39842:DC040000, 0.41586:03003866, 4.60547:DC040000, 0.21966:BF000000, 4.30158:DC040000 [Hostname=DBBPR01MB7756.eurprd01.prod.exchangelabs.com]
]
2021-05-20 21:28:54.316  INFO 17844 --- [SpringContextShutdownHook] j.LocalContainerEntityManagerFactoryBean : Closing JPA EntityManagerFactory for persistence unit 'default'
2021-05-20 21:28:54.339  INFO 17844 --- [SpringContextShutdownHook] o.s.s.concurrent.ThreadPoolTaskExecutor  : Shutting down ExecutorService 'applicationTaskExecutor'
2021-05-20 21:28:54.373  INFO 17844 --- [SpringContextShutdownHook] com.zaxxer.hikari.HikariDataSource       : HikariPool-1 - Shutdown initiated...
2021-05-20 21:28:54.509  INFO 17844 --- [SpringContextShutdownHook] com.zaxxer.hikari.HikariDataSource       : HikariPool-1 - Shutdown completed.
2021-05-20 21:29:39.043  INFO 2548 --- [restartedMain] c.e.E.EmployeeTrackerApiApplication      : Starting EmployeeTrackerApiApplication on MChikuruwo-PC with PID 2548 (C:\Users\Munyaradzi\IdeaProjects\EmployeeTrackerAPI\target\classes started by Munyaradzi in C:\Users\Munyaradzi\IdeaProjects\EmployeeTrackerAPI)
2021-05-20 21:29:39.051  INFO 2548 --- [restartedMain] c.e.E.EmployeeTrackerApiApplication      : No active profile set, falling back to default profiles: default
2021-05-20 21:29:39.177  INFO 2548 --- [restartedMain] .e.DevToolsPropertyDefaultsPostProcessor : Devtools property defaults active! Set 'spring.devtools.add-properties' to 'false' to disable
2021-05-20 21:29:39.177  INFO 2548 --- [restartedMain] .e.DevToolsPropertyDefaultsPostProcessor : For additional web related logging consider setting the 'logging.level.web' property to 'DEBUG'
2021-05-20 21:29:49.215  INFO 2548 --- [restartedMain] .s.d.r.c.RepositoryConfigurationDelegate : Bootstrapping Spring Data JPA repositories in DEFERRED mode.
2021-05-20 21:29:50.043  INFO 2548 --- [restartedMain] .s.d.r.c.RepositoryConfigurationDelegate : Finished Spring Data repository scanning in 798ms. Found 24 JPA repository interfaces.
2021-05-20 21:29:51.265  INFO 2548 --- [restartedMain] trationDelegate$BeanPostProcessorChecker : Bean 'org.springframework.security.access.expression.method.DefaultMethodSecurityExpressionHandler@1ed2233' of type [org.springframework.security.access.expression.method.DefaultMethodSecurityExpressionHandler] is not eligible for getting processed by all BeanPostProcessors (for example: not eligible for auto-proxying)
2021-05-20 21:29:51.276  INFO 2548 --- [restartedMain] trationDelegate$BeanPostProcessorChecker : Bean 'methodSecurityMetadataSource' of type [org.springframework.security.access.method.DelegatingMethodSecurityMetadataSource] is not eligible for getting processed by all BeanPostProcessors (for example: not eligible for auto-proxying)
2021-05-20 21:29:53.245  INFO 2548 --- [restartedMain] o.s.b.w.embedded.tomcat.TomcatWebServer  : Tomcat initialized with port(s): 8091 (http)
2021-05-20 21:29:53.277  INFO 2548 --- [restartedMain] o.apache.catalina.core.StandardService   : Starting service [Tomcat]
2021-05-20 21:29:53.278  INFO 2548 --- [restartedMain] org.apache.catalina.core.StandardEngine  : Starting Servlet engine: [Apache Tomcat/9.0.37]
2021-05-20 21:29:53.880  INFO 2548 --- [restartedMain] o.a.c.c.C.[Tomcat].[localhost].[/]       : Initializing Spring embedded WebApplicationContext
2021-05-20 21:29:53.882  INFO 2548 --- [restartedMain] w.s.c.ServletWebServerApplicationContext : Root WebApplicationContext: initialization completed in 14705 ms
2021-05-20 21:29:54.542  WARN 2548 --- [restartedMain] JpaBaseConfiguration$JpaWebConfiguration : spring.jpa.open-in-view is enabled by default. Therefore, database queries may be performed during view rendering. Explicitly configure spring.jpa.open-in-view to disable this warning
2021-05-20 21:29:55.227  INFO 2548 --- [restartedMain] o.s.s.concurrent.ThreadPoolTaskExecutor  : Initializing ExecutorService 'applicationTaskExecutor'
2021-05-20 21:29:58.490  INFO 2548 --- [task-1] com.zaxxer.hikari.HikariDataSource       : HikariPool-1 - Starting...
2021-05-20 21:29:58.970  INFO 2548 --- [restartedMain] o.s.b.a.e.web.EndpointLinksResolver      : Exposing 2 endpoint(s) beneath base path '/actuator'
2021-05-20 21:29:59.053  INFO 2548 --- [task-1] com.zaxxer.hikari.HikariDataSource       : HikariPool-1 - Start completed.
2021-05-20 21:29:59.742  INFO 2548 --- [restartedMain] pertySourcedRequestMappingHandlerMapping : Mapped URL path [/v2/api-docs] onto method [springfox.documentation.swagger2.web.Swagger2Controller#getDocumentation(String, HttpServletRequest)]
2021-05-20 21:30:00.340  INFO 2548 --- [restartedMain] o.s.s.web.DefaultSecurityFilterChain     : Creating filter chain: Ant [pattern='/assets/**'], []
2021-05-20 21:30:00.341  INFO 2548 --- [restartedMain] o.s.s.web.DefaultSecurityFilterChain     : Creating filter chain: Ant [pattern='/webjars/**'], []
2021-05-20 21:30:00.342  INFO 2548 --- [restartedMain] o.s.s.web.DefaultSecurityFilterChain     : Creating filter chain: Ant [pattern='/'], []
2021-05-20 21:30:00.343  INFO 2548 --- [restartedMain] o.s.s.web.DefaultSecurityFilterChain     : Creating filter chain: Ant [pattern='/**', OPTIONS], []
2021-05-20 21:30:01.028  INFO 2548 --- [restartedMain] o.s.s.web.DefaultSecurityFilterChain     : Creating filter chain: any request, [org.springframework.security.web.context.request.async.WebAsyncManagerIntegrationFilter@1e5b3ba, org.springframework.security.web.context.SecurityContextPersistenceFilter@1d4389b, org.springframework.security.web.header.HeaderWriterFilter@1f0f675, org.springframework.web.filter.CorsFilter@1127ac6, org.springframework.security.web.authentication.logout.LogoutFilter@a87f42, com.employeetracker.EmployeeTrackerAPI.handler.ExceptionHandlerFilter@2dafe9, com.employeetracker.EmployeeTrackerAPI.security.JWTAuthenticationFilter@108c634, org.springframework.security.web.savedrequest.RequestCacheAwareFilter@1206726, org.springframework.security.web.servletapi.SecurityContextHolderAwareRequestFilter@47c0c1, org.springframework.security.web.authentication.AnonymousAuthenticationFilter@19df01f, org.springframework.security.web.session.SessionManagementFilter@64021d, org.springframework.security.web.access.ExceptionTranslationFilter@82ba9, org.springframework.security.web.access.intercept.FilterSecurityInterceptor@1a1eede]
2021-05-20 21:30:01.699  INFO 2548 --- [restartedMain] o.s.b.d.a.OptionalLiveReloadServer       : LiveReload server is running on port 35729
2021-05-20 21:30:07.164  INFO 2548 --- [task-1] j.LocalContainerEntityManagerFactoryBean : Initialized JPA EntityManagerFactory for persistence unit 'default'
2021-05-20 21:30:09.203  INFO 2548 --- [restartedMain] c.g.a.oauth2.ComputeEngineCredentials    : Failed to detect whether we are running on Google Compute Engine.
2021-05-20 21:30:09.204  WARN 2548 --- [restartedMain] o.s.c.g.core.DefaultCredentialsProvider  : No core credentials are set. Service-specific credentials (e.g., spring.cloud.gcp.pubsub.credentials.*) should be used if your app uses services that require credentials.
2021-05-20 21:30:09.256  INFO 2548 --- [restartedMain] o.s.c.g.a.c.GcpContextAutoConfiguration  : The default project ID is null
2021-05-20 21:30:09.505  INFO 2548 --- [restartedMain] o.s.b.w.embedded.tomcat.TomcatWebServer  : Tomcat started on port(s): 8091 (http) with context path ''
2021-05-20 21:30:09.509  INFO 2548 --- [restartedMain] d.s.w.p.DocumentationPluginsBootstrapper : Context refreshed
2021-05-20 21:30:09.669  INFO 2548 --- [restartedMain] d.s.w.p.DocumentationPluginsBootstrapper : Found 1 custom documentation plugin(s)
2021-05-20 21:30:10.005  INFO 2548 --- [restartedMain] s.d.s.w.s.ApiListingReferenceScanner     : Scanning for api listing references
2021-05-20 21:30:10.948  INFO 2548 --- [restartedMain] .d.s.w.r.o.CachingOperationNameGenerator : Generating unique operation named: addCategoryUsingPOST_1
2021-05-20 21:30:11.094  INFO 2548 --- [restartedMain] .d.s.w.r.o.CachingOperationNameGenerator : Generating unique operation named: addBusinessUnitUsingPOST_1
2021-05-20 21:30:11.108  INFO 2548 --- [restartedMain] .d.s.w.r.o.CachingOperationNameGenerator : Generating unique operation named: getBusinessUnitByNameUsingPOST_1
2021-05-20 21:30:11.122  INFO 2548 --- [restartedMain] .d.s.w.r.o.CachingOperationNameGenerator : Generating unique operation named: updateBusinessUnitUsingPUT_1
2021-05-20 21:30:11.417  INFO 2548 --- [restartedMain] .d.s.w.r.o.CachingOperationNameGenerator : Generating unique operation named: getAllUsersUsingGET_1
2021-05-20 21:30:11.422  INFO 2548 --- [restartedMain] .d.s.w.r.o.CachingOperationNameGenerator : Generating unique operation named: getOneUserUsingGET_1
2021-05-20 21:30:11.508  INFO 2548 --- [restartedMain] .d.s.w.r.o.CachingOperationNameGenerator : Generating unique operation named: updateUserUsingPUT_1
2021-05-20 21:30:11.566  INFO 2548 --- [restartedMain] DeferredRepositoryInitializationListener : Triggering deferred initialization of Spring Data repositories…
2021-05-20 21:30:16.067  INFO 2548 --- [restartedMain] DeferredRepositoryInitializationListener : Spring Data repositories initialized!
2021-05-20 21:30:16.098  INFO 2548 --- [restartedMain] c.e.E.EmployeeTrackerApiApplication      : Started EmployeeTrackerApiApplication in 38.431 seconds (JVM running for 42.922)
2021-05-20 21:30:53.895  INFO 2548 --- [http-nio-8091-exec-1] o.a.c.c.C.[Tomcat].[localhost].[/]       : Initializing Spring DispatcherServlet 'dispatcherServlet'
2021-05-20 21:30:53.896  INFO 2548 --- [http-nio-8091-exec-1] o.s.web.servlet.DispatcherServlet        : Initializing Servlet 'dispatcherServlet'
